[debug] [2026-03-11T22:15:57.845Z] ----------------------------------------------------------------------
[debug] [2026-03-11T22:15:57.848Z] Command:       C:\Program Files\nodejs\node.exe C:\Users\jreyn\AppData\Roaming\npm\node_modules\firebase-tools\lib\bin\firebase.js login:ci --no-localhost
[debug] [2026-03-11T22:15:57.848Z] CLI Version:   15.9.0
[debug] [2026-03-11T22:15:57.848Z] Platform:      win32
[debug] [2026-03-11T22:15:57.848Z] Node Version:  v22.17.0
[debug] [2026-03-11T22:15:57.848Z] Time:          Wed Mar 11 2026 16:15:57 GMT-0600 (hora estándar central)
[debug] [2026-03-11T22:15:57.848Z] ----------------------------------------------------------------------
[debug] 
[debug] [2026-03-11T22:15:57.850Z] >>> [apiv2][query] GET https://firebase-public.firebaseio.com/cli.json [none]
[warn] !  Authenticating with a `login:ci` token is deprecated and will be removed in a future major version of `firebase-tools`. Instead, use a service account key with `GOOGLE_APPLICATION_CREDENTIALS`: https://cloud.google.com/docs/authentication/getting-started 
[debug] [2026-03-11T22:15:58.044Z] >>> [apiv2][query] POST https://auth.firebase.tools/attest [none]
[debug] [2026-03-11T22:15:58.044Z] >>> [apiv2][body] POST https://auth.firebase.tools/attest {"session_id":"97a382c1-8f52-4496-8cdf-5aec952b7550"}
[debug] [2026-03-11T22:15:58.180Z] <<< [apiv2][status] GET https://firebase-public.firebaseio.com/cli.json 200
[debug] [2026-03-11T22:15:58.180Z] <<< [apiv2][body] GET https://firebase-public.firebaseio.com/cli.json {"cloudBuildErrorAfter":1594252800000,"cloudBuildWarnAfter":1590019200000,"defaultNode10After":1594252800000,"minVersion":"3.0.5","node8DeploysDisabledAfter":1613390400000,"node8RuntimeDisabledAfter":1615809600000,"node8WarnAfter":1600128000000}
[debug] [2026-03-11T22:15:58.616Z] <<< [apiv2][status] POST https://auth.firebase.tools/attest 200
[debug] [2026-03-11T22:15:58.616Z] <<< [apiv2][body] POST https://auth.firebase.tools/attest {"token":"Tk1btsCQyFE6NCXIiqz8OEvfRRQ6CrjblN2qZ9y2oeE"}
[info] 
[info] To sign in to the Firebase CLI:
[info] 
[info] 1. Take note of your session ID:
[info] 
[info]    97A38
[info] 
[info] 2. Visit the URL below on any device and follow the instructions to get your code:
[info] 
[info]    https://auth.firebase.tools/login?code_challenge=Z-9h0BemovFkmAdsX9wptryQnkMHHESDCd5z4CzgnEo&session=97a382c1-8f52-4496-8cdf-5aec952b7550&attest=Tk1btsCQyFE6NCXIiqz8OEvfRRQ6CrjblN2qZ9y2oeE
[info] 
[info] 3. Paste or enter the authorization code below once you have it:
[info] 
[debug] [2026-03-11T22:16:20.290Z] ExitPromptError: User force closed the prompt with SIGINT
    at Interface.sigint (C:\Users\jreyn\AppData\Roaming\npm\node_modules\firebase-tools\node_modules\@inquirer\core\dist\commonjs\lib\create-prompt.js:101:37)
    at Interface.emit (node:events:518:28)
    at [_ttyWrite] [as _ttyWrite] (node:internal/readline/interface:1132:18)
    at ReadStream.onkeypress (node:internal/readline/interface:271:20)
    at ReadStream.emit (node:events:530:35)
    at emitKeys (node:internal/readline/utils:370:14)
    at emitKeys.next (<anonymous>)
    at ReadStream.onData (node:internal/readline/emitKeypressEvents:64:36)
    at ReadStream.emit (node:events:518:28)
    at addChunk (node:internal/streams/readable:561:12)
[error] 
[error] Error: An unexpected error has occurred.
[debug] [2026-03-11T22:16:21.384Z] ----------------------------------------------------------------------
[debug] [2026-03-11T22:16:21.386Z] Command:       C:\Program Files\nodejs\node.exe C:\Users\jreyn\AppData\Roaming\npm\node_modules\firebase-tools\lib\bin\firebase.js projects:list
[debug] [2026-03-11T22:16:21.387Z] CLI Version:   15.9.0
[debug] [2026-03-11T22:16:21.387Z] Platform:      win32
[debug] [2026-03-11T22:16:21.387Z] Node Version:  v22.17.0
[debug] [2026-03-11T22:16:21.387Z] Time:          Wed Mar 11 2026 16:16:21 GMT-0600 (hora estándar central)
[debug] [2026-03-11T22:16:21.387Z] ----------------------------------------------------------------------
[debug] 
[debug] [2026-03-11T22:16:21.543Z] > command requires scopes: ["email","openid","https://www.googleapis.com/auth/cloudplatformprojects.readonly","https://www.googleapis.com/auth/firebase","https://www.googleapis.com/auth/cloud-platform"]
[debug] [2026-03-11T22:16:21.543Z] > authorizing via signed-in user (r.constelacion.r@gmail.com)
[debug] [2026-03-11T22:16:21.546Z] Checked if tokens are valid: true, expires at: 1773270697696
[debug] [2026-03-11T22:16:21.546Z] Checked if tokens are valid: true, expires at: 1773270697696
[debug] [2026-03-11T22:16:21.547Z] >>> [apiv2][query] GET https://firebase.googleapis.com/v1beta1/projects pageSize=1000
[debug] [2026-03-11T22:16:21.894Z] <<< [apiv2][status] GET https://firebase.googleapis.com/v1beta1/projects 200
[debug] [2026-03-11T22:16:40.650Z] ----------------------------------------------------------------------
[debug] [2026-03-11T22:16:40.653Z] Command:       C:\Program Files\nodejs\node.exe C:\Users\jreyn\AppData\Roaming\npm\node_modules\firebase-tools\lib\bin\firebase.js projects:list
[debug] [2026-03-11T22:16:40.653Z] CLI Version:   15.9.0
[debug] [2026-03-11T22:16:40.653Z] Platform:      win32
[debug] [2026-03-11T22:16:40.653Z] Node Version:  v22.17.0
[debug] [2026-03-11T22:16:40.653Z] Time:          Wed Mar 11 2026 16:16:40 GMT-0600 (hora estándar central)
[debug] [2026-03-11T22:16:40.653Z] ----------------------------------------------------------------------
[debug] 
[debug] [2026-03-11T22:16:40.836Z] > command requires scopes: ["email","openid","https://www.googleapis.com/auth/cloudplatformprojects.readonly","https://www.googleapis.com/auth/firebase","https://www.googleapis.com/auth/cloud-platform"]
[debug] [2026-03-11T22:16:40.836Z] > authorizing via signed-in user (r.constelacion.r@gmail.com)
[debug] [2026-03-11T22:16:40.839Z] Checked if tokens are valid: true, expires at: 1773270697696
[debug] [2026-03-11T22:16:40.839Z] Checked if tokens are valid: true, expires at: 1773270697696
[debug] [2026-03-11T22:16:40.840Z] >>> [apiv2][query] GET https://firebase.googleapis.com/v1beta1/projects pageSize=1000
[debug] [2026-03-11T22:16:41.239Z] <<< [apiv2][status] GET https://firebase.googleapis.com/v1beta1/projects 200
